<?xml version="1.0" encoding="utf-8"?>
<parameters>
  <parameter name="IIS Web Application Name" description="" value="Test-Logs" tags="IisApp">
    <parameterEntry kind="ProviderPath" scope="IisApp" match="^C:\\Users\\Jafet\\source\\repos\\Test-Logs\\Test-Logs\\obj\\Release\\net7\.0\\PubTmp\\Out\\$" />
  </parameter>
</parameters>